[DAT] DatRoot automatisch erkannt (dat-catalog-state): 'C:\dat'
[DAT] DatRoot 'C:\dat': 1840 DAT/XML-Dateien gefunden, 270 Konsolen gemappt, 1572 ergaenzende DATs
[DAT] Loaded 3010818 hashes for 265 consoles
[Preflight] Voraussetzungen pruefen...
[Preflight] OK - 1 Root(s), 86 Extension(s), Modus: DryRun
[Scan] Scanne 1 Root-Ordner...
[Scan] Root: {0}
[Scan] {0}: Erfassung laeuft...
[Scan] {0}: {1} Dateien gefunden
[DAT] Kein Match fuer UNKNOWN-Konsole: Game (Europe).zip
[Scan] Done: 3 files in 778ms
[FolderDedupe] Auto-dedupe: no roots detected that need folder-level deduplication
[FolderDedupe] Preview: 0 Analyse-Ergebnis(se), PS3-Roots=0, BaseName-Roots=0
[Quarantine] Preview-Sampling: 3/3 Kandidaten (Limit=2000)
[Quarantine] Preview: 0 verdaechtige Datei(en) im Sample von 3 Kandidaten
[Hardlink] NTFS-Hardlink support: 1/1 Root(s)
[Plan] Phase: DatAudit
[Plan] Phase: Deduplicate
[Dedupe] Gruppiere 3 Dateien nach GameKey...
[Dedupe] Done in 5ms: 2 groups, Keep=1, Move=1, Junk=0
[Plan] Phase: JunkRemoval
[Junk] Entferne Junk-Dateien...
[Junk] 0 Junk-Datei(en) entfernt
[Audit] Schreibe Audit-Sidecar...
[Fertig] Pipeline done in 810ms - 3 files, 2 groups
{
  "Status": "ok",
  "ExitCode": 0,
  "Mode": "DryRun",
  "TotalFiles": 3,
  "Candidates": 3,
  "Groups": 2,
  "Keep": 2,
  "Winners": 2,
  "Dupes": 1,
  "Losers": 1,
  "Games": 2,
  "Unknown": 0,
  "Junk": 0,
  "Bios": 0,
  "DatMatches": 0,
  "HealthScore": 66,
  "ConvertedCount": 0,
  "ConvertErrorCount": 0,
  "ConvertSkippedCount": 0,
  "ConvertBlockedCount": 0,
  "ConvertReviewCount": 0,
  "ConvertLossyWarningCount": 0,
  "ConvertVerifyPassedCount": 0,
  "ConvertVerifyFailedCount": 0,
  "ConvertSavedBytes": 0,
  "DatHaveCount": 0,
  "DatHaveWrongNameCount": 0,
  "DatMissCount": 0,
  "DatUnknownCount": 3,
  "DatAmbiguousCount": 0,
  "DatRenameProposedCount": 0,
  "DatRenameExecutedCount": 0,
  "DatRenameSkippedCount": 0,
  "DatRenameFailedCount": 0,
  "JunkRemovedCount": 0,
  "FilteredNonGameCount": 0,
  "MoveCount": 0,
  "SkipCount": 0,
  "JunkFailCount": 0,
  "ConsoleSortMoved": 0,
  "ConsoleSortFailed": 0,
  "ConsoleSortReviewed": 0,
  "ConsoleSortBlocked": 0,
  "ConsoleSortUnknown": 0,
  "FailCount": 0,
  "SavedBytes": 0,
  "DurationMs": 810,
  "PreflightWarnings": [],
  "Results": [
    {
      "GameKey": "game",
      "Winner": "C:\\Users\\Cemal\\AppData\\Local\\Temp\\RomulusBenchTest_c5b09978\\Game (USA).zip",
      "WinnerDatMatch": false,
      "WinnerDecisionClass": "Unknown",
      "WinnerEvidenceTier": "Tier4_Unknown",
      "WinnerPrimaryMatchKind": "None",
      "WinnerPlatformFamily": "Unknown",
      "Losers": [
        "C:\\Users\\Cemal\\AppData\\Local\\Temp\\RomulusBenchTest_c5b09978\\Game (Europe).zip"
      ],
      "LoserDetails": [
        {
          "Path": "C:\\Users\\Cemal\\AppData\\Local\\Temp\\RomulusBenchTest_c5b09978\\Game (Europe).zip",
          "DecisionClass": "Unknown",
          "EvidenceTier": "Tier4_Unknown",
          "PrimaryMatchKind": "None",
          "PlatformFamily": "Unknown"
        }
      ]
    },
    {
      "GameKey": "other",
      "Winner": "C:\\Users\\Cemal\\AppData\\Local\\Temp\\RomulusBenchTest_c5b09978\\Other (Japan).zip",
      "WinnerDatMatch": false,
      "WinnerDecisionClass": "Unknown",
      "WinnerEvidenceTier": "Tier4_Unknown",
      "WinnerPrimaryMatchKind": "None",
      "WinnerPlatformFamily": "Unknown",
      "Losers": [],
      "LoserDetails": []
    }
  ],
  "ConversionPlans": [],
  "ConversionBlocked": []
}
